<?xml version="1.0" encoding="utf-8"?>
<TestRun id="873ccaef-f850-4f51-a702-7c6ad79d3b47" name="JacobSeed@DESKTOP-P0Q1S4J 2024-02-17 20:12:31" runUser="DESKTOP-P0Q1S4J\JacobSeed" xmlns="http://microsoft.com/schemas/VisualStudio/TeamTest/2010">
  <Times creation="2024-02-17T20:12:31.7558193-05:00" queuing="2024-02-17T20:12:31.7558203-05:00" start="2024-02-17T20:12:01.8451844-05:00" finish="2024-02-17T20:14:56.7107063-05:00" />
  <TestSettings name="default" id="06d7b884-e600-4a17-bffd-18a1f6b1d484">
    <Deployment runDeploymentRoot="JacobSeed_DESKTOP-P0Q1S4J_2024-02-17_20_12_31" />
  </TestSettings>
  <Results>
    <UnitTestResult executionId="fdb34e51-154a-4f61-a6e4-d3ea87ac1b78" testId="e6b38fc7-6db3-5076-81eb-c217832ca60b" testName="ClientFailsToFindSearchResults" computerName="DESKTOP-P0Q1S4J" duration="00:00:17.4690210" startTime="2024-02-17T20:14:39.0500252-05:00" endTime="2024-02-17T20:14:56.5190451-05:00" testType="13cdc9d9-ddb5-4fa4-a97d-d965ccfc6d4b" outcome="Passed" testListId="8c84fa94-04c1-424b-9868-57a2d4851a1d" relativeResultsDirectory="fdb34e51-154a-4f61-a6e4-d3ea87ac1b78" />
    <UnitTestResult executionId="46288f24-ccf7-4438-917a-c2bc2c400d06" testId="088b22c0-2136-eacd-8e2b-48944e60c5aa" testName="ClientFailsToLogin" computerName="DESKTOP-P0Q1S4J" duration="00:00:18.6738960" startTime="2024-02-17T20:12:52.4626955-05:00" endTime="2024-02-17T20:13:11.1365865-05:00" testType="13cdc9d9-ddb5-4fa4-a97d-d965ccfc6d4b" outcome="Passed" testListId="8c84fa94-04c1-424b-9868-57a2d4851a1d" relativeResultsDirectory="46288f24-ccf7-4438-917a-c2bc2c400d06" />
    <UnitTestResult executionId="9a49eb02-f3a3-4316-950a-7979cdbbd589" testId="4e3b66d1-1355-a4b3-d790-c74d07251ed4" testName="ClientSearchesByBrandName" computerName="DESKTOP-P0Q1S4J" duration="00:00:17.2407300" startTime="2024-02-17T20:13:30.2033545-05:00" endTime="2024-02-17T20:13:47.4440824-05:00" testType="13cdc9d9-ddb5-4fa4-a97d-d965ccfc6d4b" outcome="Passed" testListId="8c84fa94-04c1-424b-9868-57a2d4851a1d" relativeResultsDirectory="9a49eb02-f3a3-4316-950a-7979cdbbd589" />
    <UnitTestResult executionId="1fe655d3-f996-4bbb-8ba2-f1967b61b2b1" testId="b870a19d-d3f7-d536-4730-4a7b57fd5586" testName="ClientSearchesByColour" computerName="DESKTOP-P0Q1S4J" duration="00:00:17.0197520" startTime="2024-02-17T20:13:47.4441916-05:00" endTime="2024-02-17T20:14:04.4639430-05:00" testType="13cdc9d9-ddb5-4fa4-a97d-d965ccfc6d4b" outcome="Passed" testListId="8c84fa94-04c1-424b-9868-57a2d4851a1d" relativeResultsDirectory="1fe655d3-f996-4bbb-8ba2-f1967b61b2b1" />
    <UnitTestResult executionId="7346db88-76e6-4687-97d8-c34bdb93fe08" testId="dc1d8532-f30d-5003-f679-d921e60057b9" testName="ClientLogsInSuccessfully" computerName="DESKTOP-P0Q1S4J" duration="00:00:19.0657060" startTime="2024-02-17T20:13:11.1367377-05:00" endTime="2024-02-17T20:13:30.2024425-05:00" testType="13cdc9d9-ddb5-4fa4-a97d-d965ccfc6d4b" outcome="Passed" testListId="8c84fa94-04c1-424b-9868-57a2d4851a1d" relativeResultsDirectory="7346db88-76e6-4687-97d8-c34bdb93fe08" />
    <UnitTestResult executionId="6a6f1a04-8296-49c4-864c-450c5d3911b0" testId="bc249f16-1165-6995-c00d-ad8304be2b01" testName="ClientFailsToProvideAValidPasswordOnSignUp" computerName="DESKTOP-P0Q1S4J" duration="00:00:22.4720530" startTime="2024-02-17T20:12:09.0870475-05:00" endTime="2024-02-17T20:12:31.5588698-05:00" testType="13cdc9d9-ddb5-4fa4-a97d-d965ccfc6d4b" outcome="Passed" testListId="8c84fa94-04c1-424b-9868-57a2d4851a1d" relativeResultsDirectory="6a6f1a04-8296-49c4-864c-450c5d3911b0" />
    <UnitTestResult executionId="12bd8df3-d044-4f29-a41d-74c63721b50f" testId="b65e03a6-4381-c2c9-0598-8d32dc7725c0" testName="ClientSearchesByPrice" computerName="DESKTOP-P0Q1S4J" duration="00:00:16.7717640" startTime="2024-02-17T20:14:04.4640544-05:00" endTime="2024-02-17T20:14:21.2358171-05:00" testType="13cdc9d9-ddb5-4fa4-a97d-d965ccfc6d4b" outcome="Passed" testListId="8c84fa94-04c1-424b-9868-57a2d4851a1d" relativeResultsDirectory="12bd8df3-d044-4f29-a41d-74c63721b50f" />
    <UnitTestResult executionId="d6dc1126-2453-47e6-8ac9-e31625d6eede" testId="1ea42ea2-2184-c4eb-b241-84073f388b91" testName="ClientSearchesByStyle" computerName="DESKTOP-P0Q1S4J" duration="00:00:17.8138040" startTime="2024-02-17T20:14:21.2359248-05:00" endTime="2024-02-17T20:14:39.0497277-05:00" testType="13cdc9d9-ddb5-4fa4-a97d-d965ccfc6d4b" outcome="Passed" testListId="8c84fa94-04c1-424b-9868-57a2d4851a1d" relativeResultsDirectory="d6dc1126-2453-47e6-8ac9-e31625d6eede" />
    <UnitTestResult executionId="153734c3-2cec-4d1e-bd3e-979a1d22aca6" testId="fed59092-c3b8-a2e0-bfff-8cbd6a7ba5ac" testName="ClientSignsUpSuccessfully" computerName="DESKTOP-P0Q1S4J" duration="00:00:20.8898360" startTime="2024-02-17T20:12:31.5631747-05:00" endTime="2024-02-17T20:12:52.4530105-05:00" testType="13cdc9d9-ddb5-4fa4-a97d-d965ccfc6d4b" outcome="Passed" testListId="8c84fa94-04c1-424b-9868-57a2d4851a1d" relativeResultsDirectory="153734c3-2cec-4d1e-bd3e-979a1d22aca6" />
  </Results>
  <TestDefinitions>
    <UnitTest name="ClientSignsUpSuccessfully" storage="c:\users\jacobseed\source\repos\virtualglassesprovider.tests\virtualglassesprovider.tests\bin\debug\net8.0\virtualglassesprovider.tests.dll" id="fed59092-c3b8-a2e0-bfff-8cbd6a7ba5ac">
      <Execution id="153734c3-2cec-4d1e-bd3e-979a1d22aca6" />
      <TestMethod codeBase="C:\Users\JacobSeed\source\repos\VirtualGlassesProvider.Tests\VirtualGlassesProvider.Tests\bin\Debug\net8.0\VirtualGlassesProvider.Tests.dll" adapterTypeName="executor://nunit3testexecutor/" className="VirtualGlassesProvider.Tests.SignupTest" name="ClientSignsUpSuccessfully" />
    </UnitTest>
    <UnitTest name="ClientSearchesByStyle" storage="c:\users\jacobseed\source\repos\virtualglassesprovider.tests\virtualglassesprovider.tests\bin\debug\net8.0\virtualglassesprovider.tests.dll" id="1ea42ea2-2184-c4eb-b241-84073f388b91">
      <Execution id="d6dc1126-2453-47e6-8ac9-e31625d6eede" />
      <TestMethod codeBase="C:\Users\JacobSeed\source\repos\VirtualGlassesProvider.Tests\VirtualGlassesProvider.Tests\bin\Debug\net8.0\VirtualGlassesProvider.Tests.dll" adapterTypeName="executor://nunit3testexecutor/" className="VirtualGlassesProvider.Tests.SearchTest" name="ClientSearchesByStyle" />
    </UnitTest>
    <UnitTest name="ClientSearchesByPrice" storage="c:\users\jacobseed\source\repos\virtualglassesprovider.tests\virtualglassesprovider.tests\bin\debug\net8.0\virtualglassesprovider.tests.dll" id="b65e03a6-4381-c2c9-0598-8d32dc7725c0">
      <Execution id="12bd8df3-d044-4f29-a41d-74c63721b50f" />
      <TestMethod codeBase="C:\Users\JacobSeed\source\repos\VirtualGlassesProvider.Tests\VirtualGlassesProvider.Tests\bin\Debug\net8.0\VirtualGlassesProvider.Tests.dll" adapterTypeName="executor://nunit3testexecutor/" className="VirtualGlassesProvider.Tests.SearchTest" name="ClientSearchesByPrice" />
    </UnitTest>
    <UnitTest name="ClientFailsToFindSearchResults" storage="c:\users\jacobseed\source\repos\virtualglassesprovider.tests\virtualglassesprovider.tests\bin\debug\net8.0\virtualglassesprovider.tests.dll" id="e6b38fc7-6db3-5076-81eb-c217832ca60b">
      <Execution id="fdb34e51-154a-4f61-a6e4-d3ea87ac1b78" />
      <TestMethod codeBase="C:\Users\JacobSeed\source\repos\VirtualGlassesProvider.Tests\VirtualGlassesProvider.Tests\bin\Debug\net8.0\VirtualGlassesProvider.Tests.dll" adapterTypeName="executor://nunit3testexecutor/" className="VirtualGlassesProvider.Tests.SearchTest" name="ClientFailsToFindSearchResults" />
    </UnitTest>
    <UnitTest name="ClientSearchesByColour" storage="c:\users\jacobseed\source\repos\virtualglassesprovider.tests\virtualglassesprovider.tests\bin\debug\net8.0\virtualglassesprovider.tests.dll" id="b870a19d-d3f7-d536-4730-4a7b57fd5586">
      <Execution id="1fe655d3-f996-4bbb-8ba2-f1967b61b2b1" />
      <TestMethod codeBase="C:\Users\JacobSeed\source\repos\VirtualGlassesProvider.Tests\VirtualGlassesProvider.Tests\bin\Debug\net8.0\VirtualGlassesProvider.Tests.dll" adapterTypeName="executor://nunit3testexecutor/" className="VirtualGlassesProvider.Tests.SearchTest" name="ClientSearchesByColour" />
    </UnitTest>
    <UnitTest name="ClientFailsToLogin" storage="c:\users\jacobseed\source\repos\virtualglassesprovider.tests\virtualglassesprovider.tests\bin\debug\net8.0\virtualglassesprovider.tests.dll" id="088b22c0-2136-eacd-8e2b-48944e60c5aa">
      <Execution id="46288f24-ccf7-4438-917a-c2bc2c400d06" />
      <TestMethod codeBase="C:\Users\JacobSeed\source\repos\VirtualGlassesProvider.Tests\VirtualGlassesProvider.Tests\bin\Debug\net8.0\VirtualGlassesProvider.Tests.dll" adapterTypeName="executor://nunit3testexecutor/" className="VirtualGlassesProvider.Tests.LoginTest" name="ClientFailsToLogin" />
    </UnitTest>
    <UnitTest name="ClientSearchesByBrandName" storage="c:\users\jacobseed\source\repos\virtualglassesprovider.tests\virtualglassesprovider.tests\bin\debug\net8.0\virtualglassesprovider.tests.dll" id="4e3b66d1-1355-a4b3-d790-c74d07251ed4">
      <Execution id="9a49eb02-f3a3-4316-950a-7979cdbbd589" />
      <TestMethod codeBase="C:\Users\JacobSeed\source\repos\VirtualGlassesProvider.Tests\VirtualGlassesProvider.Tests\bin\Debug\net8.0\VirtualGlassesProvider.Tests.dll" adapterTypeName="executor://nunit3testexecutor/" className="VirtualGlassesProvider.Tests.SearchTest" name="ClientSearchesByBrandName" />
    </UnitTest>
    <UnitTest name="ClientLogsInSuccessfully" storage="c:\users\jacobseed\source\repos\virtualglassesprovider.tests\virtualglassesprovider.tests\bin\debug\net8.0\virtualglassesprovider.tests.dll" id="dc1d8532-f30d-5003-f679-d921e60057b9">
      <Execution id="7346db88-76e6-4687-97d8-c34bdb93fe08" />
      <TestMethod codeBase="C:\Users\JacobSeed\source\repos\VirtualGlassesProvider.Tests\VirtualGlassesProvider.Tests\bin\Debug\net8.0\VirtualGlassesProvider.Tests.dll" adapterTypeName="executor://nunit3testexecutor/" className="VirtualGlassesProvider.Tests.LoginTest" name="ClientLogsInSuccessfully" />
    </UnitTest>
    <UnitTest name="ClientFailsToProvideAValidPasswordOnSignUp" storage="c:\users\jacobseed\source\repos\virtualglassesprovider.tests\virtualglassesprovider.tests\bin\debug\net8.0\virtualglassesprovider.tests.dll" id="bc249f16-1165-6995-c00d-ad8304be2b01">
      <Execution id="6a6f1a04-8296-49c4-864c-450c5d3911b0" />
      <TestMethod codeBase="C:\Users\JacobSeed\source\repos\VirtualGlassesProvider.Tests\VirtualGlassesProvider.Tests\bin\Debug\net8.0\VirtualGlassesProvider.Tests.dll" adapterTypeName="executor://nunit3testexecutor/" className="VirtualGlassesProvider.Tests.SignupTest" name="ClientFailsToProvideAValidPasswordOnSignUp" />
    </UnitTest>
  </TestDefinitions>
  <TestEntries>
    <TestEntry testId="e6b38fc7-6db3-5076-81eb-c217832ca60b" executionId="fdb34e51-154a-4f61-a6e4-d3ea87ac1b78" testListId="8c84fa94-04c1-424b-9868-57a2d4851a1d" />
    <TestEntry testId="088b22c0-2136-eacd-8e2b-48944e60c5aa" executionId="46288f24-ccf7-4438-917a-c2bc2c400d06" testListId="8c84fa94-04c1-424b-9868-57a2d4851a1d" />
    <TestEntry testId="4e3b66d1-1355-a4b3-d790-c74d07251ed4" executionId="9a49eb02-f3a3-4316-950a-7979cdbbd589" testListId="8c84fa94-04c1-424b-9868-57a2d4851a1d" />
    <TestEntry testId="b870a19d-d3f7-d536-4730-4a7b57fd5586" executionId="1fe655d3-f996-4bbb-8ba2-f1967b61b2b1" testListId="8c84fa94-04c1-424b-9868-57a2d4851a1d" />
    <TestEntry testId="dc1d8532-f30d-5003-f679-d921e60057b9" executionId="7346db88-76e6-4687-97d8-c34bdb93fe08" testListId="8c84fa94-04c1-424b-9868-57a2d4851a1d" />
    <TestEntry testId="bc249f16-1165-6995-c00d-ad8304be2b01" executionId="6a6f1a04-8296-49c4-864c-450c5d3911b0" testListId="8c84fa94-04c1-424b-9868-57a2d4851a1d" />
    <TestEntry testId="b65e03a6-4381-c2c9-0598-8d32dc7725c0" executionId="12bd8df3-d044-4f29-a41d-74c63721b50f" testListId="8c84fa94-04c1-424b-9868-57a2d4851a1d" />
    <TestEntry testId="1ea42ea2-2184-c4eb-b241-84073f388b91" executionId="d6dc1126-2453-47e6-8ac9-e31625d6eede" testListId="8c84fa94-04c1-424b-9868-57a2d4851a1d" />
    <TestEntry testId="fed59092-c3b8-a2e0-bfff-8cbd6a7ba5ac" executionId="153734c3-2cec-4d1e-bd3e-979a1d22aca6" testListId="8c84fa94-04c1-424b-9868-57a2d4851a1d" />
  </TestEntries>
  <TestLists>
    <TestList name="Results Not in a List" id="8c84fa94-04c1-424b-9868-57a2d4851a1d" />
    <TestList name="All Loaded Results" id="19431567-8539-422a-85d7-44ee4e166bda" />
  </TestLists>
  <ResultSummary outcome="Completed">
    <Counters total="9" executed="9" passed="9" failed="0" error="0" timeout="0" aborted="0" inconclusive="0" passedButRunAborted="0" notRunnable="0" notExecuted="0" disconnected="0" warning="0" completed="0" inProgress="0" pending="0" />
    <Output>
      <StdOut>NUnit Adapter 4.5.0.0: Test execution started&#xD;
Running all tests in C:\Users\JacobSeed\source\repos\VirtualGlassesProvider.Tests\VirtualGlassesProvider.Tests\bin\Debug\net8.0\VirtualGlassesProvider.Tests.dll&#xD;
   NUnit3TestExecutor discovered 9 of 9 NUnit test cases using Current Discovery mode, Non-Explicit run&#xD;
NUnit Adapter 4.5.0.0: Test execution complete&#xD;
</StdOut>
    </Output>
  </ResultSummary>
</TestRun>